[pc=0] 0xd200019a loadimm  A=1 imm=410
   r1: 0 -> 410
[pc=1] 0x80000001 alloc    A=0 B=0 C=1 | rA=0 rB=0 rC=410
    alloc -> id=1, len=410
   r0: 0 -> 1
[pc=2] 0xd2010000 loadimm  A=1 imm=65536
   r1: 410 -> 65536
[pc=3] 0xd4000004 loadimm  A=2 imm=4
   r2: 0 -> 4
[pc=4] 0xd600de00 loadimm  A=3 imm=56832
   r3: 0 -> 56832
[pc=5] 0x400000d9 mul      A=3 B=3 C=1 | rA=56832 rB=56832 rC=65536
   r3: 56832 -> 3724541952
[pc=6] 0x300000da add      A=3 B=3 C=2 | rA=3724541952 rB=3724541952 rC=4
   r3: 3724541952 -> 3724541956
[pc=7] 0xd4000000 loadimm  A=2 imm=0
   r2: 4 -> 0
[pc=8] 0x20000013 aupd     A=0 B=2 C=3 | rA=1 rB=0 rC=3724541956
[pc=9] 0xd4000195 loadimm  A=2 imm=405
   r2: 0 -> 405
[pc=10] 0xd600d800 loadimm  A=3 imm=55296
   r3: 3724541956 -> 55296
[pc=11] 0x400000d9 mul      A=3 B=3 C=1 | rA=55296 rB=55296 rC=65536
   r3: 55296 -> 3623878656
[pc=12] 0x300000da add      A=3 B=3 C=2 | rA=3623878656 rB=3623878656 rC=405
   r3: 3623878656 -> 3623879061
[pc=13] 0xd4000001 loadimm  A=2 imm=1
   r2: 405 -> 1
[pc=14] 0x20000013 aupd     A=0 B=2 C=3 | rA=1 rB=1 rC=3623879061
[pc=15] 0xd4000000 loadimm  A=2 imm=0
   r2: 1 -> 0
[pc=16] 0xd600d000 loadimm  A=3 imm=53248
   r3: 3623879061 -> 53248
[pc=17] 0x400000d9 mul      A=3 B=3 C=1 | rA=53248 rB=53248 rC=65536
   r3: 53248 -> 3489660928
[pc=18] 0x300000da add      A=3 B=3 C=2 | rA=3489660928 rB=3489660928 rC=0
[pc=19] 0xd4000002 loadimm  A=2 imm=2
   r2: 0 -> 2
[pc=20] 0x20000013 aupd     A=0 B=2 C=3 | rA=1 rB=2 rC=3489660928
[pc=21] 0xd4000004 loadimm  A=2 imm=4
   r2: 2 -> 4
[pc=22] 0xd600c000 loadimm  A=3 imm=49152
   r3: 3489660928 -> 49152
[pc=23] 0x400000d9 mul      A=3 B=3 C=1 | rA=49152 rB=49152 rC=65536
   r3: 49152 -> 3221225472
[pc=24] 0x300000da add      A=3 B=3 C=2 | rA=3221225472 rB=3221225472 rC=4
   r3: 3221225472 -> 3221225476
[pc=25] 0xd4000003 loadimm  A=2 imm=3
   r2: 4 -> 3
[pc=26] 0x20000013 aupd     A=0 B=2 C=3 | rA=1 rB=3 rC=3221225476
[pc=27] 0xd4000000 loadimm  A=2 imm=0
   r2: 3 -> 0
[pc=28] 0xd600d000 loadimm  A=3 imm=53248
   r3: 3221225476 -> 53248
[pc=29] 0x400000d9 mul      A=3 B=3 C=1 | rA=53248 rB=53248 rC=65536
   r3: 53248 -> 3489660928
[pc=30] 0x300000da add      A=3 B=3 C=2 | rA=3489660928 rB=3489660928 rC=0
[pc=31] 0xd4000004 loadimm  A=2 imm=4
   r2: 0 -> 4
[pc=32] 0x20000013 aupd     A=0 B=2 C=3 | rA=1 rB=4 rC=3489660928
[pc=33] 0xd4000001 loadimm  A=2 imm=1
   r2: 4 -> 1
[pc=34] 0xd600d200 loadimm  A=3 imm=53760
   r3: 3489660928 -> 53760
[pc=35] 0x400000d9 mul      A=3 B=3 C=1 | rA=53760 rB=53760 rC=65536
   r3: 53760 -> 3523215360
[pc=36] 0x300000da add      A=3 B=3 C=2 | rA=3523215360 rB=3523215360 rC=1
   r3: 3523215360 -> 3523215361
[pc=37] 0xd4000005 loadimm  A=2 imm=5
   r2: 1 -> 5
[pc=38] 0x20000013 aupd     A=0 B=2 C=3 | rA=1 rB=5 rC=3523215361
[pc=39] 0xd400000a loadimm  A=2 imm=10
   r2: 5 -> 10
[trace disabled after pc=40]
